#-----------------------------------------------------------
# Vivado v2020.1 (64-bit)
# SW Build 2902540 on Wed May 27 19:54:35 MDT 2020
# IP Build 2902112 on Wed May 27 22:43:36 MDT 2020
# Start of session at: Wed Jun  8 10:34:57 2022
# Process ID: 4929
# Current directory: /home/taylor/Documents/new_spgd
# Command line: vivado -source make_project.tcl
# Log file: /home/taylor/Documents/new_spgd/vivado.log
# Journal file: /home/taylor/Documents/new_spgd/vivado.jou
#-----------------------------------------------------------
start_gui
source make_project.tcl
# set project_name new_spgd
# set part_name xc7z020clg400-3
# set bd_path tmp/$project_name/$project_name.srcs/sources_1/bd/system
# file delete -force tmp/$project_name
# create_project $project_name tmp/$project_name -part $part_name
WARNING: [Board 49-91] Board repository path '/home/taylor/redpitaya/RedPitaya/fpga/prj/brd' does not exist, it will not be used to search board files.
INFO: [IP_Flow 19-234] Refreshing IP repositories
INFO: [IP_Flow 19-1704] No user IP repositories specified
INFO: [IP_Flow 19-2313] Loaded Vivado IP repository '/tools/Xilinx/Vivado/2020.1/data/ip'.
# create_bd_design system
Wrote  : </home/taylor/Documents/new_spgd/tmp/new_spgd/new_spgd.srcs/sources_1/bd/system/system.bd> 
# source cfg/ports.tcl
## create_bd_port -dir I TRIG_IN
## create_bd_port -dir I -from 5 -to 0 adc_dat_a_p_i
## create_bd_port -dir I -from 5 -to 0 adc_dat_a_n_i
## create_bd_port -dir I -from 5 -to 0 adc_dat_b_p_i
## create_bd_port -dir I -from 5 -to 0 adc_dat_b_n_i
## create_bd_port -dir I adc_clk_p
## create_bd_port -dir I adc_clk_n
## create_bd_port -dir O -from 13 -to 0 dac_dat_a_o
## create_bd_port -dir O -from 13 -to 0 dac_dat_b_o
## create_bd_port -dir O dac_spi_csb_o
## create_bd_port -dir IO dac_spi_sdio_o
## create_bd_port -dir O dac_spi_clk_o
## create_bd_port -dir O dac_spi_reset_o
## create_bd_port -dir O -from 7 -to 0 led_o
# set_property IP_REPO_PATHS tmp/cores [current_project]
# update_ip_catalog
INFO: [IP_Flow 19-234] Refreshing IP repositories
WARNING: [IP_Flow 19-2248] Failed to load user IP repository '/home/taylor/Documents/new_spgd/tmp/cores'; Can't find the specified path.
If this directory should no longer be in your list of user repositories, go to the IP Settings dialog and remove it.
# set files [glob -nocomplain  /home/taylor/Documents/$project_name/src/*.v]
# if {[llength $files] > 0} {
#   add_files -norecurse $files
# }
# create_bd_cell -type module -reference ADC_REG ADC_REG
INFO: [IP_Flow 19-5107] Inferred bus interface 'adc_clk' of definition 'xilinx.com:signal:clock:1.0' (from Xilinx Repository).
INFO: [IP_Flow 19-5107] Inferred bus interface 'adc_clk_n' of definition 'xilinx.com:signal:clock:1.0' (from Xilinx Repository).
INFO: [IP_Flow 19-5107] Inferred bus interface 'adc_clk_p' of definition 'xilinx.com:signal:clock:1.0' (from Xilinx Repository).
INFO: [IP_Flow 19-4728] Bus Interface 'adc_clk_p': Added interface parameter 'FREQ_HZ' with value '125000000'.
WARNING: [IP_Flow 19-5661] Bus Interface 'adc_clk' does not have any bus interfaces associated with it.
CRITICAL WARNING: [IP_Flow 19-4751] Bus Interface 'adc_clk': FREQ_HZ bus parameter is missing for output clock interface.
WARNING: [IP_Flow 19-5661] Bus Interface 'adc_clk_n' does not have any bus interfaces associated with it.
WARNING: [IP_Flow 19-5661] Bus Interface 'adc_clk_p' does not have any bus interfaces associated with it.
INFO: [IP_Flow 19-234] Refreshing IP repositories
WARNING: [IP_Flow 19-2248] Failed to load user IP repository '/home/taylor/Documents/new_spgd/tmp/cores'; Can't find the specified path.
If this directory should no longer be in your list of user repositories, go to the IP Settings dialog and remove it.
# startgroup
# create_bd_cell -type ip -vlnv xilinx.com:ip:processing_system7 processing_system7_0
WARNING: [BD 41-176] The physical port 'S_AXI_GP2_rd_socket' specified in the portmap, is not found on the block! 
WARNING: [BD 41-176] The physical port 'S_AXI_GP2_wr_socket' specified in the portmap, is not found on the block! 
WARNING: [BD 41-176] The physical port 'S_AXI_GP3_rd_socket' specified in the portmap, is not found on the block! 
WARNING: [BD 41-176] The physical port 'S_AXI_GP3_wr_socket' specified in the portmap, is not found on the block! 
# set_property -dict [list CONFIG.PCW_USE_S_AXI_HP0 {1}] [get_bd_cells processing_system7_0]
WARNING: [BD 41-176] The physical port 'S_AXI_GP2_rd_socket' specified in the portmap, is not found on the block! 
WARNING: [BD 41-176] The physical port 'S_AXI_GP2_wr_socket' specified in the portmap, is not found on the block! 
WARNING: [BD 41-176] The physical port 'S_AXI_GP3_rd_socket' specified in the portmap, is not found on the block! 
WARNING: [BD 41-176] The physical port 'S_AXI_GP3_wr_socket' specified in the portmap, is not found on the block! 
# apply_bd_automation -rule xilinx.com:bd_rule:processing_system7 -config {make_external "FIXED_IO, DDR" Master "Disable" Slave "Disable" }  [get_bd_cells processing_system7_0]
# connect_bd_net [get_bd_pins processing_system7_0/M_AXI_GP0_ACLK] [get_bd_pins processing_system7_0/FCLK_CLK0]
# connect_bd_net [get_bd_pins processing_system7_0/S_AXI_HP0_ACLK] [get_bd_pins processing_system7_0/FCLK_CLK0]
# endgroup
# startgroup
# create_bd_cell -type ip -vlnv xilinx.com:ip:axi_gpio axi_gpio_0
# set_property -dict [list CONFIG.C_IS_DUAL {1} CONFIG.C_ALL_INPUTS_2 {1}] [get_bd_cells axi_gpio_0]
# connect_bd_net [get_bd_pins axi_gpio_0/gpio_io_i] [get_bd_pins axi_gpio_0/gpio_io_o]
WARNING: [BD 41-1306] The connection to interface pin /axi_gpio_0/gpio_io_i is being overridden by the user. This pin will not be connected as a part of interface connection GPIO
WARNING: [BD 41-1306] The connection to interface pin /axi_gpio_0/gpio_io_o is being overridden by the user. This pin will not be connected as a part of interface connection GPIO
# endgroup
# apply_bd_automation -rule xilinx.com:bd_rule:axi4 -config {Master "/processing_system7_0/M_AXI_GP0" Clk "Auto" }  [get_bd_intf_pins axi_gpio_0/S_AXI]
Slave segment '/axi_gpio_0/S_AXI/Reg' is being assigned into address space '/processing_system7_0/Data' at <0x4120_0000 [ 64K ]>.
# set_property offset 0x42000000 [get_bd_addr_segs {processing_system7_0/Data/SEG_axi_gpio_0_Reg}]
# set_property range 4K [get_bd_addr_segs {processing_system7_0/Data/SEG_axi_gpio_0_Reg}]
# startgroup
# create_bd_cell -type ip -vlnv xilinx.com:ip:util_ds_buf:2.1 util_ds_buf_0
# set_property -dict [list CONFIG.C_SIZE {6}] [get_bd_cells util_ds_buf_0]
# connect_bd_net [get_bd_ports adc_dat_a_p_i] [get_bd_pins util_ds_buf_0/IBUF_DS_P]
WARNING: [BD 41-1306] The connection to interface pin /util_ds_buf_0/IBUF_DS_P is being overridden by the user. This pin will not be connected as a part of interface connection CLK_IN_D
# connect_bd_net [get_bd_ports adc_dat_a_n_i] [get_bd_pins util_ds_buf_0/IBUF_DS_N]
WARNING: [BD 41-1306] The connection to interface pin /util_ds_buf_0/IBUF_DS_N is being overridden by the user. This pin will not be connected as a part of interface connection CLK_IN_D
# create_bd_cell -type ip -vlnv xilinx.com:ip:util_ds_buf:2.1 util_ds_buf_1
# set_property -dict [list CONFIG.C_SIZE {6}] [get_bd_cells util_ds_buf_1]
# connect_bd_net [get_bd_ports adc_dat_b_p_i] [get_bd_pins util_ds_buf_1/IBUF_DS_P]
WARNING: [BD 41-1306] The connection to interface pin /util_ds_buf_1/IBUF_DS_P is being overridden by the user. This pin will not be connected as a part of interface connection CLK_IN_D
# connect_bd_net [get_bd_ports adc_dat_b_n_i] [get_bd_pins util_ds_buf_1/IBUF_DS_N]
WARNING: [BD 41-1306] The connection to interface pin /util_ds_buf_1/IBUF_DS_N is being overridden by the user. This pin will not be connected as a part of interface connection CLK_IN_D
# endgroup
# set_property LEFT 7 [get_bd_ports led_o]
# startgroup
# create_bd_cell -type ip -vlnv xilinx.com:ip:xlconcat:2.1 xlconcat_0
# set_property -dict [list CONFIG.IN0_WIDTH {6} CONFIG.IN1_WIDTH {6}] [get_bd_cells xlconcat_0]
# endgroup
# connect_bd_net [get_bd_pins xlconcat_0/In0] [get_bd_pins util_ds_buf_0/IBUF_OUT]
# connect_bd_net [get_bd_pins xlconcat_0/In1] [get_bd_pins util_ds_buf_1/IBUF_OUT]
# connect_bd_net [get_bd_pins ADC_REG/data_in] [get_bd_pins xlconcat_0/dout]
# connect_bd_net [get_bd_pins ADC_REG/adc_clk_p] [get_bd_ports adc_clk_p]
# connect_bd_net [get_bd_pins ADC_REG/adc_clk_n] [get_bd_ports adc_clk_n]
# generate_target all [get_files  $bd_path/system.bd]
WARNING: [BD 41-176] The physical port 'S_AXI_GP2_rd_socket' specified in the portmap, is not found on the block! 
WARNING: [BD 41-176] The physical port 'S_AXI_GP2_wr_socket' specified in the portmap, is not found on the block! 
WARNING: [BD 41-176] The physical port 'S_AXI_GP3_rd_socket' specified in the portmap, is not found on the block! 
WARNING: [BD 41-176] The physical port 'S_AXI_GP3_wr_socket' specified in the portmap, is not found on the block! 
WARNING: [BD 41-176] The physical port 'S_AXI_GP2_rd_socket' specified in the portmap, is not found on the block! 
WARNING: [BD 41-176] The physical port 'S_AXI_GP2_wr_socket' specified in the portmap, is not found on the block! 
WARNING: [BD 41-176] The physical port 'S_AXI_GP3_rd_socket' specified in the portmap, is not found on the block! 
WARNING: [BD 41-176] The physical port 'S_AXI_GP3_wr_socket' specified in the portmap, is not found on the block! 
Wrote  : </home/taylor/Documents/new_spgd/tmp/new_spgd/new_spgd.srcs/sources_1/bd/system/system.bd> 
Wrote  : </home/taylor/Documents/new_spgd/tmp/new_spgd/new_spgd.srcs/sources_1/bd/system/ui/bd_c954508f.ui> 
VHDL Output written to : /home/taylor/Documents/new_spgd/tmp/new_spgd/new_spgd.srcs/sources_1/bd/system/synth/system.v
VHDL Output written to : /home/taylor/Documents/new_spgd/tmp/new_spgd/new_spgd.srcs/sources_1/bd/system/sim/system.v
VHDL Output written to : /home/taylor/Documents/new_spgd/tmp/new_spgd/new_spgd.srcs/sources_1/bd/system/hdl/system_wrapper.v
INFO: [BD 41-1029] Generation completed for the IP Integrator block ADC_REG .
WARNING: [IP_Flow 19-5611] Unable to find an associated reset port for the interface 'M_AXI_GP0'. A default connection has been created.
WARNING: [IP_Flow 19-5611] Unable to find an associated reset port for the interface 'S_AXI_HP0'. A default connection has been created.
INFO: [BD 41-1029] Generation completed for the IP Integrator block processing_system7_0 .
INFO: [BD 41-1029] Generation completed for the IP Integrator block axi_gpio_0 .
WARNING: [IP_Flow 19-4994] Overwriting existing constraint file '/home/taylor/Documents/new_spgd/tmp/new_spgd/new_spgd.srcs/sources_1/bd/system/ip/system_auto_pc_0/system_auto_pc_0_ooc.xdc'
INFO: [BD 41-1029] Generation completed for the IP Integrator block ps7_0_axi_periph/s00_couplers/auto_pc .
INFO: [BD 41-1029] Generation completed for the IP Integrator block rst_ps7_0_50M .
INFO: [BD 41-1029] Generation completed for the IP Integrator block util_ds_buf_0 .
INFO: [BD 41-1029] Generation completed for the IP Integrator block util_ds_buf_1 .
INFO: [BD 41-1029] Generation completed for the IP Integrator block xlconcat_0 .
Exporting to file /home/taylor/Documents/new_spgd/tmp/new_spgd/new_spgd.srcs/sources_1/bd/system/hw_handoff/system.hwh
Generated Block Design Tcl file /home/taylor/Documents/new_spgd/tmp/new_spgd/new_spgd.srcs/sources_1/bd/system/hw_handoff/system_bd.tcl
Generated Hardware Definition File /home/taylor/Documents/new_spgd/tmp/new_spgd/new_spgd.srcs/sources_1/bd/system/synth/system.hwdef
generate_target: Time (s): cpu = 00:00:11 ; elapsed = 00:00:11 . Memory (MB): peak = 7169.957 ; gain = 0.000 ; free physical = 493 ; free virtual = 19476
# make_wrapper -files [get_files $bd_path/system.bd] -top
# add_files -norecurse $bd_path/hdl/system_wrapper.v
# set files [glob -nocomplain cfg/*.xdc]
# if {[llength $files] > 0} {
#   add_files -norecurse -fileset constrs_1 $files
# }
# set_property VERILOG_DEFINE {TOOL_VIVADO} [current_fileset]
# set_property STRATEGY Flow_PerfOptimized_High [get_runs synth_1]
# set_property STRATEGY Performance_NetDelay_high [get_runs impl_1]
# group_bd_cells PS7 [get_bd_cells processing_system7_0] [get_bd_cells rst_ps7_0_50M] [get_bd_cells ps7_0_axi_periph] [get_bd_cells axi_gpio_0]
# group_bd_cells ADC_BLOCK [get_bd_cells util_ds_buf_0] [get_bd_cells util_ds_buf_1] [get_bd_cells xlconcat_0] [get_bd_cells ADC_REG]
WARNING: [BD 41-1306] The connection to interface pin /ADC_BLOCK/util_ds_buf_0/IBUF_DS_P is being overridden by the user. This pin will not be connected as a part of interface connection CLK_IN_D
WARNING: [BD 41-1306] The connection to interface pin /ADC_BLOCK/util_ds_buf_0/IBUF_DS_N is being overridden by the user. This pin will not be connected as a part of interface connection CLK_IN_D
WARNING: [BD 41-1306] The connection to interface pin /ADC_BLOCK/util_ds_buf_1/IBUF_DS_P is being overridden by the user. This pin will not be connected as a part of interface connection CLK_IN_D
WARNING: [BD 41-1306] The connection to interface pin /ADC_BLOCK/util_ds_buf_1/IBUF_DS_N is being overridden by the user. This pin will not be connected as a part of interface connection CLK_IN_D
# set_property top system_wrapper [current_fileset]
WARNING: [IP_Flow 19-3899] Cannot get the environment domain name variable for the component vendor name. Setting the vendor name to 'user.org'.
regenerate_bd_layout
update_compile_order -fileset sources_1
exit
INFO: [Common 17-206] Exiting Vivado at Wed Jun  8 12:19:10 2022...
