#-----------------------------------------------------------
# Vivado v2020.1 (64-bit)
# SW Build 2902540 on Wed May 27 19:54:35 MDT 2020
# IP Build 2902112 on Wed May 27 22:43:36 MDT 2020
# Start of session at: Wed Jun  8 10:33:39 2022
# Process ID: 4622
# Current directory: /home/taylor/Documents/new_spgd
# Command line: vivado -source make_project.tcl
# Log file: /home/taylor/Documents/new_spgd/vivado.log
# Journal file: /home/taylor/Documents/new_spgd/vivado.jou
#-----------------------------------------------------------
start_gui
source make_project.tcl
# set project_name new_spgd
# set part_name xc7z020clg400-3
# set bd_path tmp/$project_name/$project_name.srcs/sources_1/bd/system
# file delete -force tmp/$project_name
# create_project $project_name tmp/$project_name -part $part_name
WARNING: [Board 49-91] Board repository path '/home/taylor/redpitaya/RedPitaya/fpga/prj/brd' does not exist, it will not be used to search board files.
INFO: [IP_Flow 19-234] Refreshing IP repositories
INFO: [IP_Flow 19-1704] No user IP repositories specified
INFO: [IP_Flow 19-2313] Loaded Vivado IP repository '/tools/Xilinx/Vivado/2020.1/data/ip'.
# create_bd_design system
Wrote  : </home/taylor/Documents/new_spgd/tmp/new_spgd/new_spgd.srcs/sources_1/bd/system/system.bd> 
# source cfg/ports.tcl
## create_bd_port -dir I TRIG_IN
## create_bd_port -dir I -from 5 -to 0 adc_dat_a_p_i
## create_bd_port -dir I -from 5 -to 0 adc_dat_a_n_i
## create_bd_port -dir I -from 5 -to 0 adc_dat_b_p_i
## create_bd_port -dir I -from 5 -to 0 adc_dat_b_n_i
## create_bd_port -dir I adc_clk_p
## create_bd_port -dir I adc_clk_n
## create_bd_port -dir O -from 13 -to 0 dac_dat_a_o
## create_bd_port -dir O -from 13 -to 0 dac_dat_b_o
## create_bd_port -dir O dac_spi_csb_o
## create_bd_port -dir IO dac_spi_sdio_o
## create_bd_port -dir O dac_spi_clk_o
## create_bd_port -dir O dac_spi_reset_o
## create_bd_port -dir O -from 7 -to 0 led_o
# set_property IP_REPO_PATHS tmp/cores [current_project]
# update_ip_catalog
INFO: [IP_Flow 19-234] Refreshing IP repositories
WARNING: [IP_Flow 19-2248] Failed to load user IP repository '/home/taylor/Documents/new_spgd/tmp/cores'; Can't find the specified path.
If this directory should no longer be in your list of user repositories, go to the IP Settings dialog and remove it.
# set files [glob -nocomplain projects/$project_name/*.v projects/$project_name/*.sv /$project_name/src/*.v]
# if {[llength $files] > 0} {
#   add_files -norecurse $files
# }
# create_bd_cell -type module -reference ADC_REG ADC_REG
ERROR: [filemgmt 56-189] Failed to resolve reference. Nothing was found in the project to match the name 'ADC_REG'.
ERROR: [BD 41-1690] Unable to resolve module-source based on inputs: ADC_REG
ERROR: [BD 5-7] Error: running create_bd_cell  -type module -reference ADC_REG -name ADC_REG .
ERROR: [Common 17-39] 'create_bd_cell' failed due to earlier errors.

    while executing
"create_bd_cell -type module -reference ADC_REG ADC_REG"
    (file "make_project.tcl" line 38)
WARNING: [IP_Flow 19-3899] Cannot get the environment domain name variable for the component vendor name. Setting the vendor name to 'user.org'.
update_compile_order -fileset sources_1
exit
INFO: [Common 17-206] Exiting Vivado at Wed Jun  8 10:34:51 2022...
