
*** Running vivado
    with args -log system_ADC_REG_0.vds -m64 -product Vivado -mode batch -messageDb vivado.pb -notrace -source system_ADC_REG_0.tcl


****** Vivado v2020.1 (64-bit)
  **** SW Build 2902540 on Wed May 27 19:54:35 MDT 2020
  **** IP Build 2902112 on Wed May 27 22:43:36 MDT 2020
    ** Copyright 1986-2020 Xilinx, Inc. All Rights Reserved.

source system_ADC_REG_0.tcl -notrace
INFO: [IP_Flow 19-234] Refreshing IP repositories
WARNING: [IP_Flow 19-2248] Failed to load user IP repository '/home/taylor/Documents/new_spgd/tmp/cores'; Can't find the specified path.
If this directory should no longer be in your list of user repositories, go to the IP Settings dialog and remove it.
INFO: [IP_Flow 19-2313] Loaded Vivado IP repository '/tools/Xilinx/Vivado/2020.1/data/ip'.
Command: synth_design -top system_ADC_REG_0 -part xc7z020clg400-3 -mode out_of_context
Starting synth_design
WARNING: [IP_Flow 19-3571] IP 'system_ADC_REG_0' is restricted:
* Module reference is stale and needs refreshing.
Attempting to get a license for feature 'Synthesis' and/or device 'xc7z020'
INFO: [Common 17-349] Got license for feature 'Synthesis' and/or device 'xc7z020'
INFO: [Device 21-403] Loading part xc7z020clg400-3
INFO: [Synth 8-7079] Multithreading enabled for synth_design using a maximum of 4 processes.
INFO: [Synth 8-7078] Launching helper process for spawning children vivado processes
INFO: [Synth 8-7075] Helper process launched with PID 32506
---------------------------------------------------------------------------------
Starting RTL Elaboration : Time (s): cpu = 00:00:04 ; elapsed = 00:00:16 . Memory (MB): peak = 2120.461 ; gain = 0.000 ; free physical = 122 ; free virtual = 6690
---------------------------------------------------------------------------------
INFO: [Synth 8-6157] synthesizing module 'system_ADC_REG_0' [/home/taylor/Documents/new_spgd/tmp/new_spgd/new_spgd.srcs/sources_1/bd/system/ip/system_ADC_REG_0/synth/system_ADC_REG_0.v:58]
INFO: [Synth 8-6157] synthesizing module 'ADC_REG' [/home/taylor/Documents/new_spgd/src/ADC_REG.v:8]
INFO: [Synth 8-6157] synthesizing module 'IBUFGDS' [/tools/Xilinx/Vivado/2020.1/scripts/rt/data/unisim_comp.v:33458]
	Parameter CAPACITANCE bound to: DONT_CARE - type: string 
	Parameter DIFF_TERM bound to: FALSE - type: string 
	Parameter IBUF_DELAY_VALUE bound to: 0 - type: string 
	Parameter IBUF_LOW_PWR bound to: TRUE - type: string 
	Parameter IOSTANDARD bound to: DEFAULT - type: string 
INFO: [Synth 8-6155] done synthesizing module 'IBUFGDS' (1#1) [/tools/Xilinx/Vivado/2020.1/scripts/rt/data/unisim_comp.v:33458]
INFO: [Synth 8-6157] synthesizing module 'BUFG' [/tools/Xilinx/Vivado/2020.1/scripts/rt/data/unisim_comp.v:1083]
INFO: [Synth 8-6155] done synthesizing module 'BUFG' (2#1) [/tools/Xilinx/Vivado/2020.1/scripts/rt/data/unisim_comp.v:1083]
INFO: [Synth 8-6155] done synthesizing module 'ADC_REG' (3#1) [/home/taylor/Documents/new_spgd/src/ADC_REG.v:8]
INFO: [Synth 8-6155] done synthesizing module 'system_ADC_REG_0' (4#1) [/home/taylor/Documents/new_spgd/tmp/new_spgd/new_spgd.srcs/sources_1/bd/system/ip/system_ADC_REG_0/synth/system_ADC_REG_0.v:58]
---------------------------------------------------------------------------------
Finished RTL Elaboration : Time (s): cpu = 00:00:05 ; elapsed = 00:00:18 . Memory (MB): peak = 2120.461 ; gain = 0.000 ; free physical = 3000 ; free virtual = 9816
---------------------------------------------------------------------------------
---------------------------------------------------------------------------------
Start Handling Custom Attributes
---------------------------------------------------------------------------------
---------------------------------------------------------------------------------
Finished Handling Custom Attributes : Time (s): cpu = 00:00:05 ; elapsed = 00:00:19 . Memory (MB): peak = 2120.461 ; gain = 0.000 ; free physical = 3086 ; free virtual = 10014
---------------------------------------------------------------------------------
---------------------------------------------------------------------------------
Finished RTL Optimization Phase 1 : Time (s): cpu = 00:00:05 ; elapsed = 00:00:19 . Memory (MB): peak = 2120.461 ; gain = 0.000 ; free physical = 3085 ; free virtual = 10014
---------------------------------------------------------------------------------
Netlist sorting complete. Time (s): cpu = 00:00:00 ; elapsed = 00:00:00 . Memory (MB): peak = 2120.461 ; gain = 0.000 ; free physical = 3035 ; free virtual = 9980
INFO: [Netlist 29-17] Analyzing 1 Unisim elements for replacement
INFO: [Netlist 29-28] Unisim Transformation completed in 0 CPU seconds
INFO: [Project 1-570] Preparing netlist for logic optimization

Processing XDC Constraints
Initializing timing engine
Completed Processing XDC Constraints

Netlist sorting complete. Time (s): cpu = 00:00:00 ; elapsed = 00:00:00 . Memory (MB): peak = 2184.387 ; gain = 0.000 ; free physical = 2898 ; free virtual = 9872
INFO: [Project 1-111] Unisim Transformation Summary:
  A total of 1 instances were transformed.
  IBUFGDS => IBUFDS: 1 instance 

Constraint Validation Runtime : Time (s): cpu = 00:00:00.02 ; elapsed = 00:00:00.03 . Memory (MB): peak = 2184.387 ; gain = 0.000 ; free physical = 2892 ; free virtual = 9867
---------------------------------------------------------------------------------
Finished Constraint Validation : Time (s): cpu = 00:00:11 ; elapsed = 00:00:26 . Memory (MB): peak = 2184.387 ; gain = 63.926 ; free physical = 2570 ; free virtual = 9939
---------------------------------------------------------------------------------
---------------------------------------------------------------------------------
Start Loading Part and Timing Information
---------------------------------------------------------------------------------
Loading part: xc7z020clg400-3
---------------------------------------------------------------------------------
Finished Loading Part and Timing Information : Time (s): cpu = 00:00:11 ; elapsed = 00:00:26 . Memory (MB): peak = 2184.387 ; gain = 63.926 ; free physical = 2570 ; free virtual = 9940
---------------------------------------------------------------------------------
---------------------------------------------------------------------------------
Start Applying 'set_property' XDC Constraints
---------------------------------------------------------------------------------
---------------------------------------------------------------------------------
Finished applying 'set_property' XDC Constraints : Time (s): cpu = 00:00:11 ; elapsed = 00:00:26 . Memory (MB): peak = 2184.387 ; gain = 63.926 ; free physical = 2564 ; free virtual = 9934
---------------------------------------------------------------------------------
---------------------------------------------------------------------------------
Finished RTL Optimization Phase 2 : Time (s): cpu = 00:00:12 ; elapsed = 00:00:27 . Memory (MB): peak = 2184.387 ; gain = 63.926 ; free physical = 2520 ; free virtual = 9909
---------------------------------------------------------------------------------
---------------------------------------------------------------------------------
Start RTL Component Statistics 
---------------------------------------------------------------------------------
Detailed RTL Component Info : 
---------------------------------------------------------------------------------
Finished RTL Component Statistics 
---------------------------------------------------------------------------------
---------------------------------------------------------------------------------
Start Part Resource Summary
---------------------------------------------------------------------------------
Part Resources:
DSPs: 220 (col length:60)
BRAMs: 280 (col length: RAMB18 60 RAMB36 30)
---------------------------------------------------------------------------------
Finished Part Resource Summary
---------------------------------------------------------------------------------
---------------------------------------------------------------------------------
Start Cross Boundary and Area Optimization
---------------------------------------------------------------------------------
---------------------------------------------------------------------------------
Finished Cross Boundary and Area Optimization : Time (s): cpu = 00:00:12 ; elapsed = 00:00:27 . Memory (MB): peak = 2184.387 ; gain = 63.926 ; free physical = 2375 ; free virtual = 9834
---------------------------------------------------------------------------------
---------------------------------------------------------------------------------
Start Applying XDC Timing Constraints
---------------------------------------------------------------------------------
---------------------------------------------------------------------------------
Finished Applying XDC Timing Constraints : Time (s): cpu = 00:00:17 ; elapsed = 00:00:33 . Memory (MB): peak = 2184.387 ; gain = 63.926 ; free physical = 1282 ; free virtual = 8927
---------------------------------------------------------------------------------
---------------------------------------------------------------------------------
Start Timing Optimization
---------------------------------------------------------------------------------
---------------------------------------------------------------------------------
Finished Timing Optimization : Time (s): cpu = 00:00:17 ; elapsed = 00:00:33 . Memory (MB): peak = 2184.387 ; gain = 63.926 ; free physical = 1282 ; free virtual = 8927
---------------------------------------------------------------------------------
---------------------------------------------------------------------------------
Start Technology Mapping
---------------------------------------------------------------------------------
---------------------------------------------------------------------------------
Finished Technology Mapping : Time (s): cpu = 00:00:17 ; elapsed = 00:00:33 . Memory (MB): peak = 2184.387 ; gain = 63.926 ; free physical = 1280 ; free virtual = 8925
---------------------------------------------------------------------------------
---------------------------------------------------------------------------------
Start IO Insertion
---------------------------------------------------------------------------------
---------------------------------------------------------------------------------
Start Flattening Before IO Insertion
---------------------------------------------------------------------------------
---------------------------------------------------------------------------------
Finished Flattening Before IO Insertion
---------------------------------------------------------------------------------
---------------------------------------------------------------------------------
Start Final Netlist Cleanup
---------------------------------------------------------------------------------
---------------------------------------------------------------------------------
Finished Final Netlist Cleanup
---------------------------------------------------------------------------------
---------------------------------------------------------------------------------
Finished IO Insertion : Time (s): cpu = 00:00:20 ; elapsed = 00:00:36 . Memory (MB): peak = 2184.387 ; gain = 63.926 ; free physical = 1366 ; free virtual = 9172
---------------------------------------------------------------------------------
---------------------------------------------------------------------------------
Start Renaming Generated Instances
---------------------------------------------------------------------------------
---------------------------------------------------------------------------------
Finished Renaming Generated Instances : Time (s): cpu = 00:00:20 ; elapsed = 00:00:36 . Memory (MB): peak = 2184.387 ; gain = 63.926 ; free physical = 1365 ; free virtual = 9171
---------------------------------------------------------------------------------
---------------------------------------------------------------------------------
Start Rebuilding User Hierarchy
---------------------------------------------------------------------------------
---------------------------------------------------------------------------------
Finished Rebuilding User Hierarchy : Time (s): cpu = 00:00:20 ; elapsed = 00:00:36 . Memory (MB): peak = 2184.387 ; gain = 63.926 ; free physical = 1365 ; free virtual = 9171
---------------------------------------------------------------------------------
---------------------------------------------------------------------------------
Start Renaming Generated Ports
---------------------------------------------------------------------------------
---------------------------------------------------------------------------------
Finished Renaming Generated Ports : Time (s): cpu = 00:00:20 ; elapsed = 00:00:36 . Memory (MB): peak = 2184.387 ; gain = 63.926 ; free physical = 1366 ; free virtual = 9171
---------------------------------------------------------------------------------
---------------------------------------------------------------------------------
Start Handling Custom Attributes
---------------------------------------------------------------------------------
---------------------------------------------------------------------------------
Finished Handling Custom Attributes : Time (s): cpu = 00:00:20 ; elapsed = 00:00:36 . Memory (MB): peak = 2184.387 ; gain = 63.926 ; free physical = 1363 ; free virtual = 9169
---------------------------------------------------------------------------------
---------------------------------------------------------------------------------
Start Renaming Generated Nets
---------------------------------------------------------------------------------
---------------------------------------------------------------------------------
Finished Renaming Generated Nets : Time (s): cpu = 00:00:20 ; elapsed = 00:00:36 . Memory (MB): peak = 2184.387 ; gain = 63.926 ; free physical = 1363 ; free virtual = 9168
---------------------------------------------------------------------------------
---------------------------------------------------------------------------------
Start Writing Synthesis Report
---------------------------------------------------------------------------------

Report BlackBoxes: 
+-+--------------+----------+
| |BlackBox name |Instances |
+-+--------------+----------+
+-+--------------+----------+

Report Cell Usage: 
+------+--------+------+
|      |Cell    |Count |
+------+--------+------+
|1     |BUFG    |     1|
|2     |FDRE    |    24|
|3     |IBUFGDS |     1|
+------+--------+------+
---------------------------------------------------------------------------------
Finished Writing Synthesis Report : Time (s): cpu = 00:00:20 ; elapsed = 00:00:36 . Memory (MB): peak = 2184.387 ; gain = 63.926 ; free physical = 1362 ; free virtual = 9167
---------------------------------------------------------------------------------
Synthesis finished with 0 errors, 0 critical warnings and 0 warnings.
Synthesis Optimization Runtime : Time (s): cpu = 00:00:19 ; elapsed = 00:00:34 . Memory (MB): peak = 2184.387 ; gain = 0.000 ; free physical = 1410 ; free virtual = 9216
Synthesis Optimization Complete : Time (s): cpu = 00:00:20 ; elapsed = 00:00:36 . Memory (MB): peak = 2184.387 ; gain = 63.926 ; free physical = 1409 ; free virtual = 9216
INFO: [Project 1-571] Translating synthesized netlist
Netlist sorting complete. Time (s): cpu = 00:00:00 ; elapsed = 00:00:00 . Memory (MB): peak = 2184.387 ; gain = 0.000 ; free physical = 1400 ; free virtual = 9207
INFO: [Netlist 29-17] Analyzing 1 Unisim elements for replacement
INFO: [Netlist 29-28] Unisim Transformation completed in 0 CPU seconds
INFO: [Project 1-570] Preparing netlist for logic optimization
INFO: [Opt 31-138] Pushed 0 inverter(s) to 0 load pin(s).
Netlist sorting complete. Time (s): cpu = 00:00:00 ; elapsed = 00:00:00 . Memory (MB): peak = 2184.387 ; gain = 0.000 ; free physical = 1445 ; free virtual = 9249
INFO: [Project 1-111] Unisim Transformation Summary:
  A total of 1 instances were transformed.
  IBUFGDS => IBUFDS: 1 instance 

INFO: [Common 17-83] Releasing license: Synthesis
26 Infos, 2 Warnings, 0 Critical Warnings and 0 Errors encountered.
synth_design completed successfully
synth_design: Time (s): cpu = 00:00:31 ; elapsed = 00:00:44 . Memory (MB): peak = 2184.387 ; gain = 64.031 ; free physical = 1590 ; free virtual = 9394
WARNING: [Constraints 18-5210] No constraints selected for write.
Resolution: This message can indicate that there are no constraints for the design, or it can indicate that the used_in flags are set such that the constraints are ignored. This later case is used when running synth_design to not write synthesis constraints to the resulting checkpoint. Instead, project constraints are read when the synthesized design is opened.
INFO: [Common 17-1381] The checkpoint '/home/taylor/Documents/new_spgd/tmp/new_spgd/new_spgd.runs/system_ADC_REG_0_synth_1/system_ADC_REG_0.dcp' has been generated.
WARNING: [Common 17-576] 'use_project_ipc' is deprecated. This option is deprecated and no longer used.
WARNING: [Constraints 18-5210] No constraints selected for write.
Resolution: This message can indicate that there are no constraints for the design, or it can indicate that the used_in flags are set such that the constraints are ignored. This later case is used when running synth_design to not write synthesis constraints to the resulting checkpoint. Instead, project constraints are read when the synthesized design is opened.
INFO: [Common 17-1381] The checkpoint '/home/taylor/Documents/new_spgd/tmp/new_spgd/new_spgd.runs/system_ADC_REG_0_synth_1/system_ADC_REG_0.dcp' has been generated.
INFO: [runtcl-4] Executing : report_utilization -file system_ADC_REG_0_utilization_synth.rpt -pb system_ADC_REG_0_utilization_synth.pb
INFO: [Common 17-206] Exiting Vivado at Fri Jul  1 16:46:36 2022...
