Copyright 1986-2020 Xilinx, Inc. All Rights Reserved.
-------------------------------------------------------------------------------------------
| Tool Version : Vivado v.2020.1 (lin64) Build 2902540 Wed May 27 19:54:35 MDT 2020
| Date         : Tue Jul  5 14:34:29 2022
| Host         : turing running 64-bit Ubuntu 18.04.6 LTS
| Command      : report_control_sets -verbose -file system_wrapper_control_sets_placed.rpt
| Design       : system_wrapper
| Device       : xc7z020
-------------------------------------------------------------------------------------------

Control Set Information

Table of Contents
-----------------
1. Summary
2. Histogram
3. Flip-Flop Distribution
4. Detailed Control Set Information

1. Summary
----------

+----------------------------------------------------------+-------+
|                          Status                          | Count |
+----------------------------------------------------------+-------+
| Total control sets                                       |    55 |
|    Minimum number of control sets                        |    55 |
|    Addition due to synthesis replication                 |     0 |
|    Addition due to physical synthesis replication        |     0 |
| Unused register locations in slices containing registers |    87 |
+----------------------------------------------------------+-------+
* Control sets can be merged at opt_design using control_set_merge or merge_equivalent_drivers
** Run report_qor_suggestions for automated merging and remapping suggestions


2. Histogram
------------

+--------------------+-------+
|       Fanout       | Count |
+--------------------+-------+
| Total control sets |    55 |
| >= 0 to < 4        |     1 |
| >= 4 to < 6        |     8 |
| >= 6 to < 8        |     1 |
| >= 8 to < 10       |     1 |
| >= 10 to < 12      |     1 |
| >= 12 to < 14      |     6 |
| >= 14 to < 16      |    10 |
| >= 16              |    27 |
+--------------------+-------+
* Control sets can be remapped at either synth_design or opt_design


3. Flip-Flop Distribution
-------------------------

+--------------+-----------------------+------------------------+-----------------+--------------+
| Clock Enable | Synchronous Set/Reset | Asynchronous Set/Reset | Total Registers | Total Slices |
+--------------+-----------------------+------------------------+-----------------+--------------+
| No           | No                    | No                     |             480 |          140 |
| No           | No                    | Yes                    |               0 |            0 |
| No           | Yes                   | No                     |             406 |          128 |
| Yes          | No                    | No                     |             354 |           84 |
| Yes          | No                    | Yes                    |               0 |            0 |
| Yes          | Yes                   | No                     |             697 |          202 |
+--------------+-----------------------+------------------------+-----------------+--------------+


4. Detailed Control Set Information
-----------------------------------

+---------------------------------------------------+------------------------------------------------------------------------------------------------------------------------------------------------------------------+---------------------------------------------------------------------------------------------------------------------------------------+------------------+----------------+--------------+
|                    Clock Signal                   |                                                                           Enable Signal                                                                          |                                                            Set/Reset Signal                                                           | Slice Load Count | Bel Load Count | Bels / Slice |
+---------------------------------------------------+------------------------------------------------------------------------------------------------------------------------------------------------------------------+---------------------------------------------------------------------------------------------------------------------------------------+------------------+----------------+--------------+
|  system_i/PS7/processing_system7_0/inst/FCLK_CLK0 | system_i/PS7/ps7_0_axi_periph/s00_couplers/auto_pc/inst/gen_axilite.gen_b2s_conv.axilite_b2s/WR.b_channel_0/bid_fifo_0/bresp_push                                |                                                                                                                                       |                1 |              2 |         2.00 |
|  system_i/PS7/processing_system7_0/inst/FCLK_CLK0 | system_i/PS7/axi_gpio_0/U0/AXI_LITE_IPIF_I/I_SLAVE_ATTACHMENT/start2                                                                                             | system_i/PS7/axi_gpio_0/U0/AXI_LITE_IPIF_I/I_SLAVE_ATTACHMENT/I_DECODER/cs_ce_clr                                                     |                1 |              4 |         4.00 |
|  system_i/PS7/processing_system7_0/inst/FCLK_CLK0 | system_i/PS7/axi_gpio_0/U0/AXI_LITE_IPIF_I/I_SLAVE_ATTACHMENT/bus2ip_addr_i[8]_i_1_n_0                                                                           | system_i/PS7/axi_gpio_0/U0/AXI_LITE_IPIF_I/I_SLAVE_ATTACHMENT/SR[0]                                                                   |                2 |              4 |         2.00 |
|  system_i/PS7/processing_system7_0/inst/FCLK_CLK0 |                                                                                                                                                                  | system_i/PS7/ps7_0_axi_periph/s00_couplers/auto_pc/inst/gen_axilite.gen_b2s_conv.axilite_b2s/SI_REG/aw.aw_pipe/aresetn_d_reg[0]_0     |                2 |              4 |         2.00 |
|  system_i/PS7/processing_system7_0/inst/FCLK_CLK0 |                                                                                                                                                                  | system_i/PS7/ps7_0_axi_periph/s00_couplers/auto_pc/inst/gen_axilite.gen_b2s_conv.axilite_b2s/SI_REG/ar.ar_pipe/aresetn_d_reg[1]_inv_0 |                2 |              4 |         2.00 |
|  system_i/PS7/processing_system7_0/inst/FCLK_CLK0 |                                                                                                                                                                  | system_i/PS7/axi_gpio_0/U0/AXI_LITE_IPIF_I/I_SLAVE_ATTACHMENT/clear                                                                   |                1 |              4 |         4.00 |
|  system_i/PS7/processing_system7_0/inst/FCLK_CLK0 |                                                                                                                                                                  | system_i/PS7/rst_ps7_0_50M/U0/EXT_LPF/lpf_int                                                                                         |                1 |              4 |         4.00 |
|  system_i/PS7/processing_system7_0/inst/FCLK_CLK0 | system_i/PS7/ps7_0_axi_periph/s00_couplers/auto_pc/inst/gen_axilite.gen_b2s_conv.axilite_b2s/RD.r_channel_0/rd_data_fifo_0/cnt_read[4]_i_1_n_0                   | system_i/PS7/ps7_0_axi_periph/s00_couplers/auto_pc/inst/gen_axilite.gen_b2s_conv.axilite_b2s/areset_d1                                |                1 |              5 |         5.00 |
|  system_i/PS7/processing_system7_0/inst/FCLK_CLK0 | system_i/PS7/ps7_0_axi_periph/s00_couplers/auto_pc/inst/gen_axilite.gen_b2s_conv.axilite_b2s/RD.r_channel_0/transaction_fifo_0/cnt_read[4]_i_1__0_n_0            | system_i/PS7/ps7_0_axi_periph/s00_couplers/auto_pc/inst/gen_axilite.gen_b2s_conv.axilite_b2s/areset_d1                                |                2 |              5 |         2.50 |
|  system_i/PS7/processing_system7_0/inst/FCLK_CLK0 | system_i/PS7/rst_ps7_0_50M/U0/SEQ/seq_cnt_en                                                                                                                     | system_i/PS7/rst_ps7_0_50M/U0/SEQ/SEQ_COUNTER/clear                                                                                   |                1 |              6 |         6.00 |
|  system_i/PS7/processing_system7_0/inst/FCLK_CLK0 | system_i/PS7/ps7_0_axi_periph/s00_couplers/auto_pc/inst/gen_axilite.gen_b2s_conv.axilite_b2s/WR.b_channel_0/mhandshake_r                                         | system_i/PS7/ps7_0_axi_periph/s00_couplers/auto_pc/inst/gen_axilite.gen_b2s_conv.axilite_b2s/WR.b_channel_0/bid_fifo_0/SR[0]          |                4 |              8 |         2.00 |
|  system_i/PS7/processing_system7_0/inst/FCLK_CLK0 |                                                                                                                                                                  | system_i/PS7/ps7_0_axi_periph/s00_couplers/auto_pc/inst/gen_axilite.gen_b2s_conv.axilite_b2s/areset_d1                                |                4 |             10 |         2.50 |
|  system_i/PS7/processing_system7_0/inst/FCLK_CLK0 | system_i/PS7/ps7_0_axi_periph/s00_couplers/auto_pc/inst/gen_axilite.gen_b2s_conv.axilite_b2s/RD.ar_channel_0/ar_cmd_fsm_0/E[0]                                   |                                                                                                                                       |                5 |             12 |         2.40 |
|  system_i/PS7/processing_system7_0/inst/FCLK_CLK0 | system_i/PS7/ps7_0_axi_periph/s00_couplers/auto_pc/inst/gen_axilite.gen_b2s_conv.axilite_b2s/RD.ar_channel_0/ar_cmd_fsm_0/sel_first_reg[0]                       |                                                                                                                                       |                2 |             12 |         6.00 |
|  system_i/PS7/processing_system7_0/inst/FCLK_CLK0 | system_i/PS7/ps7_0_axi_periph/s00_couplers/auto_pc/inst/gen_axilite.gen_b2s_conv.axilite_b2s/WR.aw_channel_0/aw_cmd_fsm_0/FSM_sequential_state_reg[1]_0[0]       |                                                                                                                                       |                5 |             12 |         2.40 |
|  system_i/ADC_BLOCK/ADC_REG/inst/adc_clk          | system_i/ADC_fp/inst/ADC_AVERAGE0/COUNT0/E[0]                                                                                                                    |                                                                                                                                       |                3 |             12 |         4.00 |
|  system_i/PS7/processing_system7_0/inst/FCLK_CLK0 | system_i/PS7/ps7_0_axi_periph/s00_couplers/auto_pc/inst/gen_axilite.gen_b2s_conv.axilite_b2s/WR.aw_channel_0/cmd_translator_0/incr_cmd_0/axaddr_incr[11]_i_1_n_0 |                                                                                                                                       |                2 |             12 |         6.00 |
|  system_i/PS7/processing_system7_0/inst/FCLK_CLK0 | system_i/PS7/ps7_0_axi_periph/s00_couplers/auto_pc/inst/gen_axilite.gen_b2s_conv.axilite_b2s/RD.r_channel_0/r_push_r                                             |                                                                                                                                       |                4 |             13 |         3.25 |
|  system_i/PS7/processing_system7_0/inst/FCLK_CLK0 | system_i/PS7/ps7_0_axi_periph/s00_couplers/auto_pc/inst/gen_axilite.gen_b2s_conv.axilite_b2s/SI_REG/b.b_pipe/s_ready_i_reg_0                                     |                                                                                                                                       |                4 |             14 |         3.50 |
|  system_i/ADC_BLOCK/ADC_REG/inst/adc_clk          |                                                                                                                                                                  | system_i/SPGD_SYS/inst/FSM_0/FSM_onehot_current_state[13]_i_1_n_0                                                                     |                9 |             14 |         1.56 |
|  system_i/PS7/processing_system7_0/inst/FCLK_CLK0 | system_i/PS7/ps7_0_axi_periph/s00_couplers/auto_pc/inst/gen_axilite.gen_b2s_conv.axilite_b2s/SI_REG/b.b_pipe/p_1_in                                              |                                                                                                                                       |                3 |             14 |         4.67 |
|  system_i/ADC_BLOCK/ADC_REG/inst/adc_clk          | system_i/SPGD_SYS/inst/FSM_0/RNG_a/count[0]_i_2__3_n_0                                                                                                           | system_i/SPGD_SYS/inst/FSM_0/RNG_a/count[0]_i_1__4_n_0                                                                                |                4 |             15 |         3.75 |
|  system_i/ADC_BLOCK/ADC_REG/inst/adc_clk          | system_i/SPGD_SYS/inst/FSM_0/timer_b/count[0]_i_2__5_n_0                                                                                                         | system_i/SPGD_SYS/inst/FSM_0/timer_b/count[0]_i_1__1_n_0                                                                              |                4 |             15 |         3.75 |
|  system_i/ADC_BLOCK/ADC_REG/inst/adc_clk          | system_i/SPGD_SYS/inst/FSM_0/MATH_c/count[0]_i_2__2_n_0                                                                                                          | system_i/SPGD_SYS/inst/FSM_0/MATH_c/count[0]_i_1__3_n_0                                                                               |                4 |             15 |         3.75 |
|  system_i/ADC_BLOCK/ADC_REG/inst/adc_clk          | system_i/SPGD_SYS/inst/FSM_0/timer_c/count[0]_i_2__4_n_0                                                                                                         | system_i/SPGD_SYS/inst/FSM_0/timer_c/count[0]_i_1__5_n_0                                                                              |                4 |             15 |         3.75 |
|  system_i/ADC_BLOCK/ADC_REG/inst/adc_clk          | system_i/SPGD_SYS/inst/FSM_0/MATH_b/count[0]_i_2__1_n_0                                                                                                          | system_i/SPGD_SYS/inst/FSM_0/MATH_b/count[0]_i_1__2_n_0                                                                               |                4 |             15 |         3.75 |
|  system_i/ADC_BLOCK/ADC_REG/inst/adc_clk          | system_i/SPGD_SYS/inst/FSM_0/timer_a/count[0]_i_2_n_0                                                                                                            | system_i/SPGD_SYS/inst/FSM_0/timer_a/clear                                                                                            |                4 |             15 |         3.75 |
|  system_i/ADC_BLOCK/ADC_REG/inst/adc_clk          | system_i/SPGD_SYS/inst/FSM_0/MATH_a/count[0]_i_2__0_n_0                                                                                                          | system_i/SPGD_SYS/inst/FSM_0/MATH_a/count[0]_i_1__0_n_0                                                                               |                4 |             15 |         3.75 |
|  system_i/PS7/processing_system7_0/inst/FCLK_CLK0 | system_i/PS7/ps7_0_axi_periph/s00_couplers/auto_pc/inst/gen_axilite.gen_b2s_conv.axilite_b2s/WR.b_channel_0/bid_fifo_0/sel                                       |                                                                                                                                       |                3 |             16 |         5.33 |
|  system_i/SPGD_SYS/inst/FSM_0/int_RNG_CLK_BUFG    |                                                                                                                                                                  |                                                                                                                                       |                4 |             16 |         4.00 |
|  system_i/ADC_BLOCK/ADC_REG/inst/adc_clk          | system_i/ADC_fp/inst/ADC_AVERAGE0/COUNT0/F_O_reg_inv_0                                                                                                           | system_i/SPGD_SYS/inst/FSM_0/ADC_EN                                                                                                   |                6 |             22 |         3.67 |
|  system_i/PS7/processing_system7_0/inst/FCLK_CLK0 | system_i/PS7/ps7_0_axi_periph/s00_couplers/auto_pc/inst/gen_axilite.gen_b2s_conv.axilite_b2s/RD.ar_channel_0/ar_cmd_fsm_0/m_valid_i_reg[0]                       |                                                                                                                                       |                9 |             24 |         2.67 |
|  system_i/PS7/processing_system7_0/inst/FCLK_CLK0 | system_i/PS7/ps7_0_axi_periph/s00_couplers/auto_pc/inst/gen_axilite.gen_b2s_conv.axilite_b2s/WR.aw_channel_0/aw_cmd_fsm_0/E[0]                                   |                                                                                                                                       |                9 |             24 |         2.67 |
|  system_i/PS7/processing_system7_0/inst/FCLK_CLK0 | system_i/PS7/ps7_0_axi_periph/s00_couplers/auto_pc/inst/gen_axilite.gen_b2s_conv.axilite_b2s/WR.b_channel_0/bid_fifo_0/E[0]                                      |                                                                                                                                       |                7 |             32 |         4.57 |
|  system_i/PS7/processing_system7_0/inst/FCLK_CLK0 | system_i/PS7/ps7_0_axi_periph/s00_couplers/auto_pc/inst/gen_axilite.gen_b2s_conv.axilite_b2s/RD.r_channel_0/rd_data_fifo_0/wr_en0                                |                                                                                                                                       |                9 |             32 |         3.56 |
|  system_i/PS7/processing_system7_0/inst/FCLK_CLK0 | system_i/PS7/ps7_0_axi_periph/s00_couplers/auto_pc/inst/gen_axilite.gen_b2s_conv.axilite_b2s/SI_REG/ar.ar_pipe/s_ready_i_reg_0                                   |                                                                                                                                       |                7 |             32 |         4.57 |
|  system_i/PS7/processing_system7_0/inst/FCLK_CLK0 | system_i/PS7/ps7_0_axi_periph/s00_couplers/auto_pc/inst/gen_axilite.gen_b2s_conv.axilite_b2s/SI_REG/aw.aw_pipe/s_ready_i_reg_0                                   |                                                                                                                                       |                7 |             32 |         4.57 |
|  system_i/PS7/processing_system7_0/inst/FCLK_CLK0 | system_i/PS7/axi_gpio_0/U0/AXI_LITE_IPIF_I/I_SLAVE_ATTACHMENT/I_DECODER/E[0]                                                                                     | system_i/PS7/axi_gpio_0/U0/AXI_LITE_IPIF_I/I_SLAVE_ATTACHMENT/SR[0]                                                                   |                7 |             32 |         4.57 |
|  system_i/PS7/processing_system7_0/inst/FCLK_CLK0 | system_i/PS7/axi_gpio_0/U0/AXI_LITE_IPIF_I/I_SLAVE_ATTACHMENT/s_axi_rresp_i                                                                                      | system_i/PS7/axi_gpio_0/U0/AXI_LITE_IPIF_I/I_SLAVE_ATTACHMENT/SR[0]                                                                   |               10 |             32 |         3.20 |
|  system_i/PS7/processing_system7_0/inst/FCLK_CLK0 | system_i/PS7/axi_gpio_0/U0/AXI_LITE_IPIF_I/I_SLAVE_ATTACHMENT/I_DECODER/bus2ip_rnw_i_reg_0[0]                                                                    | system_i/PS7/axi_gpio_0/U0/AXI_LITE_IPIF_I/I_SLAVE_ATTACHMENT/SR[0]                                                                   |                5 |             32 |         6.40 |
|  system_i/PS7/processing_system7_0/inst/FCLK_CLK0 | system_i/PS7/axi_gpio_0/U0/AXI_LITE_IPIF_I/I_SLAVE_ATTACHMENT/I_DECODER/bus2ip_rnw_i_reg[0]                                                                      | system_i/PS7/axi_gpio_0/U0/AXI_LITE_IPIF_I/I_SLAVE_ATTACHMENT/SR[0]                                                                   |                9 |             32 |         3.56 |
|  system_i/ADC_BLOCK/ADC_REG/inst/adc_clk          | system_i/ADC_fp/inst/ADC_AVERAGE0/COUNT0/sel                                                                                                                     | system_i/SPGD_SYS/inst/FSM_0/ADC_EN                                                                                                   |                8 |             32 |         4.00 |
|  system_i/ADC_BLOCK/ADC_REG/inst/adc_clk          | system_i/ADC_fp/inst/ADC_AVERAGE0/COUNT1/count[0]_i_1__0_n_0                                                                                                     | system_i/SPGD_SYS/inst/FSM_0/ADC_EN                                                                                                   |                8 |             32 |         4.00 |
|  system_i/PS7/processing_system7_0/inst/FCLK_CLK0 | system_i/PS7/ps7_0_axi_periph/s00_couplers/auto_pc/inst/gen_axilite.gen_b2s_conv.axilite_b2s/RD.ar_channel_0/ar_cmd_fsm_0/m_valid_i_reg_1[0]                     |                                                                                                                                       |                7 |             32 |         4.57 |
|  system_i/ADC_BLOCK/ADC_REG/inst/adc_clk          |                                                                                                                                                                  |                                                                                                                                       |               18 |             40 |         2.22 |
|  system_i/PS7/processing_system7_0/inst/FCLK_CLK0 | system_i/PS7/ps7_0_axi_periph/s00_couplers/auto_pc/inst/gen_axilite.gen_b2s_conv.axilite_b2s/SI_REG/r.r_pipe/p_1_in                                              |                                                                                                                                       |                7 |             45 |         6.43 |
|  system_i/PS7/processing_system7_0/inst/FCLK_CLK0 | system_i/PS7/ps7_0_axi_periph/s00_couplers/auto_pc/inst/gen_axilite.gen_b2s_conv.axilite_b2s/SI_REG/r.r_pipe/s_ready_i_reg_0                                     |                                                                                                                                       |                7 |             45 |         6.43 |
|  system_i/PS7/processing_system7_0/inst/FCLK_CLK0 |                                                                                                                                                                  | system_i/PS7/axi_gpio_0/U0/AXI_LITE_IPIF_I/I_SLAVE_ATTACHMENT/SR[0]                                                                   |               22 |             47 |         2.14 |
|  system_i/ADC_BLOCK/ADC_REG/inst/adc_clk          | system_i/SPGD_SYS/inst/FSM_0/int_J_P_WRT_reg_0[0]                                                                                                                | system_i/SPGD_SYS/inst/FSM_0/int_REG_RST_reg_0                                                                                        |               23 |             62 |         2.70 |
|  system_i/ADC_BLOCK/ADC_REG/inst/adc_clk          | system_i/SPGD_SYS/inst/FSM_0/E[0]                                                                                                                                | system_i/SPGD_SYS/inst/FSM_0/int_REG_RST_reg_0                                                                                        |               27 |             62 |         2.30 |
|  system_i/ADC_BLOCK/ADC_REG/inst/adc_clk          | system_i/SPGD_SYS/inst/FSM_0/int_DELTA_U_WRT                                                                                                                     | system_i/SPGD_SYS/inst/FSM_0/int_REG_RST_reg_0                                                                                        |               28 |             94 |         3.36 |
|  system_i/PS7/processing_system7_0/inst/FCLK_CLK0 |                                                                                                                                                                  | system_i/PS7/axi_gpio_0/U0/AXI_LITE_IPIF_I/I_SLAVE_ATTACHMENT/I_DECODER/bus2ip_rnw_i_reg_2                                            |               28 |             96 |         3.43 |
|  system_i/ADC_BLOCK/ADC_REG/inst/adc_clk          | system_i/SPGD_SYS/inst/FSM_0/int_U_WRT                                                                                                                           | system_i/SPGD_SYS/inst/FSM_0/int_REG_RST_reg_0                                                                                        |               32 |            128 |         4.00 |
|  system_i/SPGD_SYS/inst/FSM_0/int_RNG_CLK_BUFG    |                                                                                                                                                                  | system_i/SPGD_SYS/inst/FSM_0/int_REG_RST_reg_0                                                                                        |               59 |            223 |         3.78 |
|  system_i/PS7/processing_system7_0/inst/FCLK_CLK0 |                                                                                                                                                                  |                                                                                                                                       |              119 |            433 |         3.64 |
+---------------------------------------------------+------------------------------------------------------------------------------------------------------------------------------------------------------------------+---------------------------------------------------------------------------------------------------------------------------------------+------------------+----------------+--------------+


