
*** Running vivado
    with args -log system_fp_DAC_0_0.vds -m64 -product Vivado -mode batch -messageDb vivado.pb -notrace -source system_fp_DAC_0_0.tcl


****** Vivado v2020.1 (64-bit)
  **** SW Build 2902540 on Wed May 27 19:54:35 MDT 2020
  **** IP Build 2902112 on Wed May 27 22:43:36 MDT 2020
    ** Copyright 1986-2020 Xilinx, Inc. All Rights Reserved.

source system_fp_DAC_0_0.tcl -notrace
INFO: [IP_Flow 19-234] Refreshing IP repositories
WARNING: [IP_Flow 19-2248] Failed to load user IP repository '/home/taylor/Documents/new_spgd/tmp/cores'; Can't find the specified path.
If this directory should no longer be in your list of user repositories, go to the IP Settings dialog and remove it.
INFO: [IP_Flow 19-2313] Loaded Vivado IP repository '/tools/Xilinx/Vivado/2020.1/data/ip'.
Command: synth_design -top system_fp_DAC_0_0 -part xc7z020clg400-3 -mode out_of_context
Starting synth_design
WARNING: [IP_Flow 19-3571] IP 'system_fp_DAC_0_0' is restricted:
* Module reference is stale and needs refreshing.
Attempting to get a license for feature 'Synthesis' and/or device 'xc7z020'
INFO: [Common 17-349] Got license for feature 'Synthesis' and/or device 'xc7z020'
INFO: [Device 21-403] Loading part xc7z020clg400-3
INFO: [Synth 8-7079] Multithreading enabled for synth_design using a maximum of 4 processes.
INFO: [Synth 8-7078] Launching helper process for spawning children vivado processes
INFO: [Synth 8-7075] Helper process launched with PID 6960
---------------------------------------------------------------------------------
Starting RTL Elaboration : Time (s): cpu = 00:00:03 ; elapsed = 00:00:04 . Memory (MB): peak = 2120.461 ; gain = 0.000 ; free physical = 1311 ; free virtual = 13378
---------------------------------------------------------------------------------
INFO: [Synth 8-6157] synthesizing module 'system_fp_DAC_0_0' [/home/taylor/Documents/new_spgd/tmp/new_spgd/new_spgd.srcs/sources_1/bd/system/ip/system_fp_DAC_0_0/synth/system_fp_DAC_0_0.v:58]
INFO: [Synth 8-6157] synthesizing module 'fp_DAC' [/home/taylor/Documents/new_spgd/src/fp_DAC.v:1]
	Parameter FP_WIDTH bound to: 64 - type: integer 
	Parameter DAC_WIDTH bound to: 14 - type: integer 
INFO: [Synth 8-6157] synthesizing module 'gen_mult' [/home/taylor/Documents/new_spgd/src/gen_mult.v:6]
	Parameter DATA_WIDTH bound to: 64 - type: integer 
INFO: [Synth 8-6155] done synthesizing module 'gen_mult' (1#1) [/home/taylor/Documents/new_spgd/src/gen_mult.v:6]
INFO: [Synth 8-6157] synthesizing module 'DAC_OR_CHECK' [/home/taylor/Documents/new_spgd/src/DAC_OR_CHECK.v:1]
	Parameter DAC_WIDTH bound to: 14 - type: integer 
INFO: [Synth 8-6155] done synthesizing module 'DAC_OR_CHECK' (2#1) [/home/taylor/Documents/new_spgd/src/DAC_OR_CHECK.v:1]
INFO: [Synth 8-6155] done synthesizing module 'fp_DAC' (3#1) [/home/taylor/Documents/new_spgd/src/fp_DAC.v:1]
INFO: [Synth 8-6155] done synthesizing module 'system_fp_DAC_0_0' (4#1) [/home/taylor/Documents/new_spgd/tmp/new_spgd/new_spgd.srcs/sources_1/bd/system/ip/system_fp_DAC_0_0/synth/system_fp_DAC_0_0.v:58]
---------------------------------------------------------------------------------
Finished RTL Elaboration : Time (s): cpu = 00:00:04 ; elapsed = 00:00:05 . Memory (MB): peak = 2120.461 ; gain = 0.000 ; free physical = 1495 ; free virtual = 13566
---------------------------------------------------------------------------------
---------------------------------------------------------------------------------
Start Handling Custom Attributes
---------------------------------------------------------------------------------
---------------------------------------------------------------------------------
Finished Handling Custom Attributes : Time (s): cpu = 00:00:04 ; elapsed = 00:00:05 . Memory (MB): peak = 2120.461 ; gain = 0.000 ; free physical = 1478 ; free virtual = 13549
---------------------------------------------------------------------------------
---------------------------------------------------------------------------------
Finished RTL Optimization Phase 1 : Time (s): cpu = 00:00:04 ; elapsed = 00:00:05 . Memory (MB): peak = 2120.461 ; gain = 0.000 ; free physical = 1477 ; free virtual = 13548
---------------------------------------------------------------------------------
Netlist sorting complete. Time (s): cpu = 00:00:00 ; elapsed = 00:00:00 . Memory (MB): peak = 2120.461 ; gain = 0.000 ; free physical = 1469 ; free virtual = 13540
INFO: [Project 1-570] Preparing netlist for logic optimization

Processing XDC Constraints
Initializing timing engine
Completed Processing XDC Constraints

Netlist sorting complete. Time (s): cpu = 00:00:00 ; elapsed = 00:00:00 . Memory (MB): peak = 2184.387 ; gain = 0.000 ; free physical = 1306 ; free virtual = 13389
INFO: [Project 1-111] Unisim Transformation Summary:
No Unisim elements were transformed.

Constraint Validation Runtime : Time (s): cpu = 00:00:00.01 ; elapsed = 00:00:00.02 . Memory (MB): peak = 2184.387 ; gain = 0.000 ; free physical = 1315 ; free virtual = 13397
---------------------------------------------------------------------------------
Finished Constraint Validation : Time (s): cpu = 00:00:08 ; elapsed = 00:00:10 . Memory (MB): peak = 2184.387 ; gain = 63.926 ; free physical = 1418 ; free virtual = 13503
---------------------------------------------------------------------------------
---------------------------------------------------------------------------------
Start Loading Part and Timing Information
---------------------------------------------------------------------------------
Loading part: xc7z020clg400-3
---------------------------------------------------------------------------------
Finished Loading Part and Timing Information : Time (s): cpu = 00:00:08 ; elapsed = 00:00:10 . Memory (MB): peak = 2184.387 ; gain = 63.926 ; free physical = 1418 ; free virtual = 13503
---------------------------------------------------------------------------------
---------------------------------------------------------------------------------
Start Applying 'set_property' XDC Constraints
---------------------------------------------------------------------------------
---------------------------------------------------------------------------------
Finished applying 'set_property' XDC Constraints : Time (s): cpu = 00:00:08 ; elapsed = 00:00:10 . Memory (MB): peak = 2184.387 ; gain = 63.926 ; free physical = 1419 ; free virtual = 13503
---------------------------------------------------------------------------------
---------------------------------------------------------------------------------
Finished RTL Optimization Phase 2 : Time (s): cpu = 00:00:08 ; elapsed = 00:00:10 . Memory (MB): peak = 2184.387 ; gain = 63.926 ; free physical = 1400 ; free virtual = 13487
---------------------------------------------------------------------------------
---------------------------------------------------------------------------------
Start RTL Component Statistics 
---------------------------------------------------------------------------------
Detailed RTL Component Info : 
+---Multipliers : 
	              64x64  Multipliers := 1     
+---Muxes : 
	   2 Input   14 Bit        Muxes := 1     
---------------------------------------------------------------------------------
Finished RTL Component Statistics 
---------------------------------------------------------------------------------
---------------------------------------------------------------------------------
Start Part Resource Summary
---------------------------------------------------------------------------------
Part Resources:
DSPs: 220 (col length:60)
BRAMs: 280 (col length: RAMB18 60 RAMB36 30)
---------------------------------------------------------------------------------
Finished Part Resource Summary
---------------------------------------------------------------------------------
---------------------------------------------------------------------------------
Start Cross Boundary and Area Optimization
---------------------------------------------------------------------------------
DSP Report: Generating DSP inst/DAC_MULT/p0, operation Mode is: A*B.
DSP Report: operator inst/DAC_MULT/p0 is absorbed into DSP inst/DAC_MULT/p0.
DSP Report: operator inst/DAC_MULT/p0 is absorbed into DSP inst/DAC_MULT/p0.
DSP Report: Generating DSP inst/DAC_MULT/p0, operation Mode is: PCIN+A*B.
DSP Report: operator inst/DAC_MULT/p0 is absorbed into DSP inst/DAC_MULT/p0.
DSP Report: operator inst/DAC_MULT/p0 is absorbed into DSP inst/DAC_MULT/p0.
DSP Report: Generating DSP inst/DAC_MULT/p0, operation Mode is: (PCIN>>17)+A*B.
DSP Report: operator inst/DAC_MULT/p0 is absorbed into DSP inst/DAC_MULT/p0.
DSP Report: operator inst/DAC_MULT/p0 is absorbed into DSP inst/DAC_MULT/p0.
DSP Report: Generating DSP inst/DAC_MULT/p0, operation Mode is: A*B.
DSP Report: operator inst/DAC_MULT/p0 is absorbed into DSP inst/DAC_MULT/p0.
DSP Report: operator inst/DAC_MULT/p0 is absorbed into DSP inst/DAC_MULT/p0.
DSP Report: Generating DSP inst/DAC_MULT/p0, operation Mode is: PCIN+A*B.
DSP Report: operator inst/DAC_MULT/p0 is absorbed into DSP inst/DAC_MULT/p0.
DSP Report: operator inst/DAC_MULT/p0 is absorbed into DSP inst/DAC_MULT/p0.
DSP Report: Generating DSP inst/DAC_MULT/p0, operation Mode is: PCIN+(A:0xcccc)*B.
DSP Report: operator inst/DAC_MULT/p0 is absorbed into DSP inst/DAC_MULT/p0.
DSP Report: operator inst/DAC_MULT/p0 is absorbed into DSP inst/DAC_MULT/p0.
DSP Report: Generating DSP inst/DAC_MULT/p0, operation Mode is: A*B.
DSP Report: operator inst/DAC_MULT/p0 is absorbed into DSP inst/DAC_MULT/p0.
DSP Report: operator inst/DAC_MULT/p0 is absorbed into DSP inst/DAC_MULT/p0.
DSP Report: Generating DSP inst/DAC_MULT/p0, operation Mode is: PCIN+A*B.
DSP Report: operator inst/DAC_MULT/p0 is absorbed into DSP inst/DAC_MULT/p0.
DSP Report: operator inst/DAC_MULT/p0 is absorbed into DSP inst/DAC_MULT/p0.
DSP Report: Generating DSP inst/DAC_MULT/p0, operation Mode is: PCIN+A*(B:0xcccc).
DSP Report: operator inst/DAC_MULT/p0 is absorbed into DSP inst/DAC_MULT/p0.
DSP Report: operator inst/DAC_MULT/p0 is absorbed into DSP inst/DAC_MULT/p0.
DSP Report: Generating DSP inst/DAC_MULT/p0, operation Mode is: A*(B:0xcccc).
DSP Report: operator inst/DAC_MULT/p0 is absorbed into DSP inst/DAC_MULT/p0.
DSP Report: operator inst/DAC_MULT/p0 is absorbed into DSP inst/DAC_MULT/p0.
DSP Report: Generating DSP inst/DAC_MULT/p0, operation Mode is: (PCIN>>17)+A*B.
DSP Report: operator inst/DAC_MULT/p0 is absorbed into DSP inst/DAC_MULT/p0.
DSP Report: operator inst/DAC_MULT/p0 is absorbed into DSP inst/DAC_MULT/p0.
DSP Report: Generating DSP inst/DAC_MULT/p0, operation Mode is: PCIN+A*(B:0xcccc).
DSP Report: operator inst/DAC_MULT/p0 is absorbed into DSP inst/DAC_MULT/p0.
DSP Report: operator inst/DAC_MULT/p0 is absorbed into DSP inst/DAC_MULT/p0.
---------------------------------------------------------------------------------
Finished Cross Boundary and Area Optimization : Time (s): cpu = 00:00:09 ; elapsed = 00:00:11 . Memory (MB): peak = 2184.387 ; gain = 63.926 ; free physical = 1376 ; free virtual = 13473
---------------------------------------------------------------------------------
---------------------------------------------------------------------------------
Start ROM, RAM, DSP and Shift Register Reporting
---------------------------------------------------------------------------------

DSP: Preliminary Mapping	Report (see note below)
+------------------+-------------------+--------+--------+--------+--------+--------+------+------+------+------+-------+------+------+
|Module Name       | DSP Mapping       | A Size | B Size | C Size | D Size | P Size | AREG | BREG | CREG | DREG | ADREG | MREG | PREG | 
+------------------+-------------------+--------+--------+--------+--------+--------+------+------+------+------+-------+------+------+
|system_fp_DAC_0_0 | A*B               | 25     | 18     | -      | -      | 48     | 0    | 0    | -    | -    | -     | 0    | 0    | 
|system_fp_DAC_0_0 | PCIN+A*B          | 18     | 13     | -      | -      | 48     | 0    | 0    | -    | -    | -     | 0    | 0    | 
|system_fp_DAC_0_0 | (PCIN>>17)+A*B    | 25     | 13     | -      | -      | 48     | 0    | 0    | -    | -    | -     | 0    | 0    | 
|system_fp_DAC_0_0 | A*B               | 25     | 18     | -      | -      | 48     | 0    | 0    | -    | -    | -     | 0    | 0    | 
|system_fp_DAC_0_0 | PCIN+A*B          | 18     | 18     | -      | -      | 48     | 0    | 0    | -    | -    | -     | 0    | 0    | 
|system_fp_DAC_0_0 | PCIN+(A:0xcccc)*B | 17     | 13     | -      | -      | 48     | 0    | 0    | -    | -    | -     | 0    | 0    | 
|system_fp_DAC_0_0 | A*B               | 25     | 18     | -      | -      | 48     | 0    | 0    | -    | -    | -     | 0    | 0    | 
|system_fp_DAC_0_0 | PCIN+A*B          | 18     | 18     | -      | -      | 48     | 0    | 0    | -    | -    | -     | 0    | 0    | 
|system_fp_DAC_0_0 | PCIN+A*(B:0xcccc) | 18     | 17     | -      | -      | 48     | 0    | 0    | -    | -    | -     | 0    | 0    | 
|system_fp_DAC_0_0 | A*(B:0xcccc)      | 18     | 17     | -      | -      | 48     | 0    | 0    | -    | -    | -     | 0    | 0    | 
|system_fp_DAC_0_0 | (PCIN>>17)+A*B    | 18     | 18     | -      | -      | 48     | 0    | 0    | -    | -    | -     | 0    | 0    | 
|system_fp_DAC_0_0 | PCIN+A*(B:0xcccc) | 18     | 17     | -      | -      | 48     | 0    | 0    | -    | -    | -     | 0    | 0    | 
+------------------+-------------------+--------+--------+--------+--------+--------+------+------+------+------+-------+------+------+

Note: The table above is a preliminary report that shows the DSPs inferred at the current stage of the synthesis flow. Some DSP may be reimplemented as non DSP primitives later in the synthesis flow. Multiple instantiated DSPs are reported only once.
---------------------------------------------------------------------------------
Finished ROM, RAM, DSP and Shift Register Reporting
---------------------------------------------------------------------------------
---------------------------------------------------------------------------------
Start Applying XDC Timing Constraints
---------------------------------------------------------------------------------
---------------------------------------------------------------------------------
Finished Applying XDC Timing Constraints : Time (s): cpu = 00:00:14 ; elapsed = 00:00:16 . Memory (MB): peak = 2184.387 ; gain = 63.926 ; free physical = 1067 ; free virtual = 13165
---------------------------------------------------------------------------------
---------------------------------------------------------------------------------
Start Timing Optimization
---------------------------------------------------------------------------------
---------------------------------------------------------------------------------
Finished Timing Optimization : Time (s): cpu = 00:00:14 ; elapsed = 00:00:16 . Memory (MB): peak = 2184.387 ; gain = 63.926 ; free physical = 1067 ; free virtual = 13164
---------------------------------------------------------------------------------
---------------------------------------------------------------------------------
Start Technology Mapping
---------------------------------------------------------------------------------
---------------------------------------------------------------------------------
Finished Technology Mapping : Time (s): cpu = 00:00:14 ; elapsed = 00:00:16 . Memory (MB): peak = 2184.387 ; gain = 63.926 ; free physical = 1062 ; free virtual = 13160
---------------------------------------------------------------------------------
---------------------------------------------------------------------------------
Start IO Insertion
---------------------------------------------------------------------------------
---------------------------------------------------------------------------------
Start Flattening Before IO Insertion
---------------------------------------------------------------------------------
---------------------------------------------------------------------------------
Finished Flattening Before IO Insertion
---------------------------------------------------------------------------------
---------------------------------------------------------------------------------
Start Final Netlist Cleanup
---------------------------------------------------------------------------------
---------------------------------------------------------------------------------
Finished Final Netlist Cleanup
---------------------------------------------------------------------------------
---------------------------------------------------------------------------------
Finished IO Insertion : Time (s): cpu = 00:00:16 ; elapsed = 00:00:18 . Memory (MB): peak = 2184.387 ; gain = 63.926 ; free physical = 1062 ; free virtual = 13159
---------------------------------------------------------------------------------
---------------------------------------------------------------------------------
Start Renaming Generated Instances
---------------------------------------------------------------------------------
---------------------------------------------------------------------------------
Finished Renaming Generated Instances : Time (s): cpu = 00:00:16 ; elapsed = 00:00:18 . Memory (MB): peak = 2184.387 ; gain = 63.926 ; free physical = 1062 ; free virtual = 13159
---------------------------------------------------------------------------------
---------------------------------------------------------------------------------
Start Rebuilding User Hierarchy
---------------------------------------------------------------------------------
---------------------------------------------------------------------------------
Finished Rebuilding User Hierarchy : Time (s): cpu = 00:00:16 ; elapsed = 00:00:19 . Memory (MB): peak = 2184.387 ; gain = 63.926 ; free physical = 1066 ; free virtual = 13164
---------------------------------------------------------------------------------
---------------------------------------------------------------------------------
Start Renaming Generated Ports
---------------------------------------------------------------------------------
---------------------------------------------------------------------------------
Finished Renaming Generated Ports : Time (s): cpu = 00:00:16 ; elapsed = 00:00:19 . Memory (MB): peak = 2184.387 ; gain = 63.926 ; free physical = 1066 ; free virtual = 13164
---------------------------------------------------------------------------------
---------------------------------------------------------------------------------
Start Handling Custom Attributes
---------------------------------------------------------------------------------
---------------------------------------------------------------------------------
Finished Handling Custom Attributes : Time (s): cpu = 00:00:16 ; elapsed = 00:00:19 . Memory (MB): peak = 2184.387 ; gain = 63.926 ; free physical = 1066 ; free virtual = 13164
---------------------------------------------------------------------------------
---------------------------------------------------------------------------------
Start Renaming Generated Nets
---------------------------------------------------------------------------------
---------------------------------------------------------------------------------
Finished Renaming Generated Nets : Time (s): cpu = 00:00:16 ; elapsed = 00:00:19 . Memory (MB): peak = 2184.387 ; gain = 63.926 ; free physical = 1066 ; free virtual = 13164
---------------------------------------------------------------------------------
---------------------------------------------------------------------------------
Start Writing Synthesis Report
---------------------------------------------------------------------------------

Report BlackBoxes: 
+-+--------------+----------+
| |BlackBox name |Instances |
+-+--------------+----------+
+-+--------------+----------+

Report Cell Usage: 
+------+--------+------+
|      |Cell    |Count |
+------+--------+------+
|1     |CARRY4  |    20|
|2     |DSP48E1 |    12|
|3     |LUT2    |    44|
|4     |LUT3    |    16|
|5     |LUT4    |    29|
|6     |LUT5    |    20|
|7     |LUT6    |    33|
+------+--------+------+
---------------------------------------------------------------------------------
Finished Writing Synthesis Report : Time (s): cpu = 00:00:16 ; elapsed = 00:00:19 . Memory (MB): peak = 2184.387 ; gain = 63.926 ; free physical = 1066 ; free virtual = 13164
---------------------------------------------------------------------------------
Synthesis finished with 0 errors, 0 critical warnings and 0 warnings.
Synthesis Optimization Runtime : Time (s): cpu = 00:00:15 ; elapsed = 00:00:17 . Memory (MB): peak = 2184.387 ; gain = 0.000 ; free physical = 1188 ; free virtual = 13286
Synthesis Optimization Complete : Time (s): cpu = 00:00:16 ; elapsed = 00:00:19 . Memory (MB): peak = 2184.387 ; gain = 63.926 ; free physical = 1188 ; free virtual = 13286
INFO: [Project 1-571] Translating synthesized netlist
Netlist sorting complete. Time (s): cpu = 00:00:00.01 ; elapsed = 00:00:00 . Memory (MB): peak = 2184.387 ; gain = 0.000 ; free physical = 1340 ; free virtual = 13437
INFO: [Netlist 29-17] Analyzing 32 Unisim elements for replacement
INFO: [Netlist 29-28] Unisim Transformation completed in 0 CPU seconds
INFO: [Project 1-570] Preparing netlist for logic optimization
INFO: [Opt 31-138] Pushed 0 inverter(s) to 0 load pin(s).
Netlist sorting complete. Time (s): cpu = 00:00:00 ; elapsed = 00:00:00 . Memory (MB): peak = 2190.324 ; gain = 0.000 ; free physical = 1240 ; free virtual = 13337
INFO: [Project 1-111] Unisim Transformation Summary:
No Unisim elements were transformed.

INFO: [Common 17-83] Releasing license: Synthesis
24 Infos, 2 Warnings, 0 Critical Warnings and 0 Errors encountered.
synth_design completed successfully
synth_design: Time (s): cpu = 00:00:23 ; elapsed = 00:00:24 . Memory (MB): peak = 2190.324 ; gain = 69.969 ; free physical = 1505 ; free virtual = 13603
INFO: [Common 17-1381] The checkpoint '/home/taylor/Documents/new_spgd/tmp/new_spgd/new_spgd.runs/system_fp_DAC_0_0_synth_1/system_fp_DAC_0_0.dcp' has been generated.
WARNING: [Common 17-576] 'use_project_ipc' is deprecated. This option is deprecated and no longer used.
INFO: [Coretcl 2-1174] Renamed 3 cell refs.
INFO: [Common 17-1381] The checkpoint '/home/taylor/Documents/new_spgd/tmp/new_spgd/new_spgd.runs/system_fp_DAC_0_0_synth_1/system_fp_DAC_0_0.dcp' has been generated.
INFO: [runtcl-4] Executing : report_utilization -file system_fp_DAC_0_0_utilization_synth.rpt -pb system_fp_DAC_0_0_utilization_synth.pb
INFO: [Common 17-206] Exiting Vivado at Tue Jul  5 13:31:23 2022...
