Copyright 1986-2020 Xilinx, Inc. All Rights Reserved.
--------------------------------------------------------------------------------------------------------------------------------------------------------------------------------
| Tool Version : Vivado v.2020.1 (lin64) Build 2902540 Wed May 27 19:54:35 MDT 2020
| Date         : Thu Jun  9 10:29:27 2022
| Host         : turing running 64-bit Ubuntu 18.04.6 LTS
| Command      : report_methodology -file system_wrapper_methodology_drc_routed.rpt -pb system_wrapper_methodology_drc_routed.pb -rpx system_wrapper_methodology_drc_routed.rpx
| Design       : system_wrapper
| Device       : xc7z020clg400-3
| Speed File   : -3
| Design State : Fully Routed
--------------------------------------------------------------------------------------------------------------------------------------------------------------------------------

Report Methodology

Table of Contents
-----------------
1. REPORT SUMMARY
2. REPORT DETAILS

1. REPORT SUMMARY
-----------------
            Netlist: netlist
          Floorplan: design_1
      Design limits: <entire design considered>
             Max violations: <unlimited>
             Violations found: 52
+-----------+----------+-------------------------------+------------+
| Rule      | Severity | Description                   | Violations |
+-----------+----------+-------------------------------+------------+
| TIMING-18 | Warning  | Missing input or output delay | 52         |
+-----------+----------+-------------------------------+------------+

2. REPORT DETAILS
-----------------
TIMING-18#1 Warning
Missing input or output delay  
An input delay is missing on adc_dat_a_n_i[0] relative to clock(s) adc_clk
Related violations: <none>

TIMING-18#2 Warning
Missing input or output delay  
An input delay is missing on adc_dat_a_n_i[1] relative to clock(s) adc_clk
Related violations: <none>

TIMING-18#3 Warning
Missing input or output delay  
An input delay is missing on adc_dat_a_n_i[2] relative to clock(s) adc_clk
Related violations: <none>

TIMING-18#4 Warning
Missing input or output delay  
An input delay is missing on adc_dat_a_n_i[3] relative to clock(s) adc_clk
Related violations: <none>

TIMING-18#5 Warning
Missing input or output delay  
An input delay is missing on adc_dat_a_n_i[4] relative to clock(s) adc_clk
Related violations: <none>

TIMING-18#6 Warning
Missing input or output delay  
An input delay is missing on adc_dat_a_n_i[5] relative to clock(s) adc_clk
Related violations: <none>

TIMING-18#7 Warning
Missing input or output delay  
An input delay is missing on adc_dat_a_p_i[0] relative to clock(s) adc_clk
Related violations: <none>

TIMING-18#8 Warning
Missing input or output delay  
An input delay is missing on adc_dat_a_p_i[1] relative to clock(s) adc_clk
Related violations: <none>

TIMING-18#9 Warning
Missing input or output delay  
An input delay is missing on adc_dat_a_p_i[2] relative to clock(s) adc_clk
Related violations: <none>

TIMING-18#10 Warning
Missing input or output delay  
An input delay is missing on adc_dat_a_p_i[3] relative to clock(s) adc_clk
Related violations: <none>

TIMING-18#11 Warning
Missing input or output delay  
An input delay is missing on adc_dat_a_p_i[4] relative to clock(s) adc_clk
Related violations: <none>

TIMING-18#12 Warning
Missing input or output delay  
An input delay is missing on adc_dat_a_p_i[5] relative to clock(s) adc_clk
Related violations: <none>

TIMING-18#13 Warning
Missing input or output delay  
An input delay is missing on adc_dat_b_n_i[0] relative to clock(s) adc_clk
Related violations: <none>

TIMING-18#14 Warning
Missing input or output delay  
An input delay is missing on adc_dat_b_n_i[1] relative to clock(s) adc_clk
Related violations: <none>

TIMING-18#15 Warning
Missing input or output delay  
An input delay is missing on adc_dat_b_n_i[2] relative to clock(s) adc_clk
Related violations: <none>

TIMING-18#16 Warning
Missing input or output delay  
An input delay is missing on adc_dat_b_n_i[3] relative to clock(s) adc_clk
Related violations: <none>

TIMING-18#17 Warning
Missing input or output delay  
An input delay is missing on adc_dat_b_n_i[4] relative to clock(s) adc_clk
Related violations: <none>

TIMING-18#18 Warning
Missing input or output delay  
An input delay is missing on adc_dat_b_n_i[5] relative to clock(s) adc_clk
Related violations: <none>

TIMING-18#19 Warning
Missing input or output delay  
An input delay is missing on adc_dat_b_p_i[0] relative to clock(s) adc_clk
Related violations: <none>

TIMING-18#20 Warning
Missing input or output delay  
An input delay is missing on adc_dat_b_p_i[1] relative to clock(s) adc_clk
Related violations: <none>

TIMING-18#21 Warning
Missing input or output delay  
An input delay is missing on adc_dat_b_p_i[2] relative to clock(s) adc_clk
Related violations: <none>

TIMING-18#22 Warning
Missing input or output delay  
An input delay is missing on adc_dat_b_p_i[3] relative to clock(s) adc_clk
Related violations: <none>

TIMING-18#23 Warning
Missing input or output delay  
An input delay is missing on adc_dat_b_p_i[4] relative to clock(s) adc_clk
Related violations: <none>

TIMING-18#24 Warning
Missing input or output delay  
An input delay is missing on adc_dat_b_p_i[5] relative to clock(s) adc_clk
Related violations: <none>

TIMING-18#25 Warning
Missing input or output delay  
An output delay is missing on dac_dat_a_o[0] relative to clock(s) clk_fpga_0
Related violations: <none>

TIMING-18#26 Warning
Missing input or output delay  
An output delay is missing on dac_dat_a_o[10] relative to clock(s) clk_fpga_0
Related violations: <none>

TIMING-18#27 Warning
Missing input or output delay  
An output delay is missing on dac_dat_a_o[11] relative to clock(s) clk_fpga_0
Related violations: <none>

TIMING-18#28 Warning
Missing input or output delay  
An output delay is missing on dac_dat_a_o[12] relative to clock(s) clk_fpga_0
Related violations: <none>

TIMING-18#29 Warning
Missing input or output delay  
An output delay is missing on dac_dat_a_o[13] relative to clock(s) clk_fpga_0
Related violations: <none>

TIMING-18#30 Warning
Missing input or output delay  
An output delay is missing on dac_dat_a_o[1] relative to clock(s) clk_fpga_0
Related violations: <none>

TIMING-18#31 Warning
Missing input or output delay  
An output delay is missing on dac_dat_a_o[2] relative to clock(s) clk_fpga_0
Related violations: <none>

TIMING-18#32 Warning
Missing input or output delay  
An output delay is missing on dac_dat_a_o[3] relative to clock(s) clk_fpga_0
Related violations: <none>

TIMING-18#33 Warning
Missing input or output delay  
An output delay is missing on dac_dat_a_o[4] relative to clock(s) clk_fpga_0
Related violations: <none>

TIMING-18#34 Warning
Missing input or output delay  
An output delay is missing on dac_dat_a_o[5] relative to clock(s) clk_fpga_0
Related violations: <none>

TIMING-18#35 Warning
Missing input or output delay  
An output delay is missing on dac_dat_a_o[6] relative to clock(s) clk_fpga_0
Related violations: <none>

TIMING-18#36 Warning
Missing input or output delay  
An output delay is missing on dac_dat_a_o[7] relative to clock(s) clk_fpga_0
Related violations: <none>

TIMING-18#37 Warning
Missing input or output delay  
An output delay is missing on dac_dat_a_o[8] relative to clock(s) clk_fpga_0
Related violations: <none>

TIMING-18#38 Warning
Missing input or output delay  
An output delay is missing on dac_dat_a_o[9] relative to clock(s) clk_fpga_0
Related violations: <none>

TIMING-18#39 Warning
Missing input or output delay  
An output delay is missing on dac_dat_b_o[0] relative to clock(s) clk_fpga_0
Related violations: <none>

TIMING-18#40 Warning
Missing input or output delay  
An output delay is missing on dac_dat_b_o[10] relative to clock(s) clk_fpga_0
Related violations: <none>

TIMING-18#41 Warning
Missing input or output delay  
An output delay is missing on dac_dat_b_o[11] relative to clock(s) clk_fpga_0
Related violations: <none>

TIMING-18#42 Warning
Missing input or output delay  
An output delay is missing on dac_dat_b_o[12] relative to clock(s) clk_fpga_0
Related violations: <none>

TIMING-18#43 Warning
Missing input or output delay  
An output delay is missing on dac_dat_b_o[13] relative to clock(s) clk_fpga_0
Related violations: <none>

TIMING-18#44 Warning
Missing input or output delay  
An output delay is missing on dac_dat_b_o[1] relative to clock(s) clk_fpga_0
Related violations: <none>

TIMING-18#45 Warning
Missing input or output delay  
An output delay is missing on dac_dat_b_o[2] relative to clock(s) clk_fpga_0
Related violations: <none>

TIMING-18#46 Warning
Missing input or output delay  
An output delay is missing on dac_dat_b_o[3] relative to clock(s) clk_fpga_0
Related violations: <none>

TIMING-18#47 Warning
Missing input or output delay  
An output delay is missing on dac_dat_b_o[4] relative to clock(s) clk_fpga_0
Related violations: <none>

TIMING-18#48 Warning
Missing input or output delay  
An output delay is missing on dac_dat_b_o[5] relative to clock(s) clk_fpga_0
Related violations: <none>

TIMING-18#49 Warning
Missing input or output delay  
An output delay is missing on dac_dat_b_o[6] relative to clock(s) clk_fpga_0
Related violations: <none>

TIMING-18#50 Warning
Missing input or output delay  
An output delay is missing on dac_dat_b_o[7] relative to clock(s) clk_fpga_0
Related violations: <none>

TIMING-18#51 Warning
Missing input or output delay  
An output delay is missing on dac_dat_b_o[8] relative to clock(s) clk_fpga_0
Related violations: <none>

TIMING-18#52 Warning
Missing input or output delay  
An output delay is missing on dac_dat_b_o[9] relative to clock(s) clk_fpga_0
Related violations: <none>


